<?xml version="1.0" encoding="UTF-8"?>
<coverage generated="1564231929530" clover="3.2.0">
  <project timestamp="1564231929530" name="All files">
    <metrics statements="132" coveredstatements="79" conditionals="24" coveredconditionals="21" methods="56" coveredmethods="22" elements="212" coveredelements="122" complexity="0" loc="132" ncloc="132" packages="9" files="13" classes="13"/>
    <package name="actions">
      <metrics statements="34" coveredstatements="0" conditionals="3" coveredconditionals="0" methods="23" coveredmethods="0"/>
      <file name="pokedex.js" path="/Users/mauricio.arroyave/bootcamp/pokedex/app/actions/pokedex.js">
        <metrics statements="34" coveredstatements="0" conditionals="3" coveredconditionals="0" methods="23" coveredmethods="0"/>
        <line num="23" count="0" type="stmt"/>
        <line num="24" count="0" type="stmt"/>
        <line num="30" count="0" type="stmt"/>
        <line num="34" count="0" type="stmt"/>
        <line num="38" count="0" type="stmt"/>
        <line num="39" count="0" type="stmt"/>
        <line num="40" count="0" type="stmt"/>
        <line num="45" count="0" type="cond" truecount="0" falsecount="2"/>
        <line num="46" count="0" type="stmt"/>
        <line num="48" count="0" type="stmt"/>
        <line num="52" count="0" type="stmt"/>
        <line num="54" count="0" type="cond" truecount="0" falsecount="1"/>
        <line num="55" count="0" type="stmt"/>
        <line num="56" count="0" type="stmt"/>
        <line num="58" count="0" type="stmt"/>
        <line num="59" count="0" type="stmt"/>
        <line num="60" count="0" type="stmt"/>
        <line num="61" count="0" type="stmt"/>
        <line num="64" count="0" type="stmt"/>
        <line num="68" count="0" type="stmt"/>
        <line num="72" count="0" type="stmt"/>
        <line num="78" count="0" type="stmt"/>
        <line num="79" count="0" type="stmt"/>
        <line num="80" count="0" type="stmt"/>
        <line num="81" count="0" type="stmt"/>
        <line num="83" count="0" type="stmt"/>
        <line num="84" count="0" type="stmt"/>
        <line num="86" count="0" type="stmt"/>
        <line num="87" count="0" type="stmt"/>
        <line num="89" count="0" type="stmt"/>
        <line num="92" count="0" type="stmt"/>
        <line num="96" count="0" type="stmt"/>
        <line num="100" count="0" type="stmt"/>
        <line num="105" count="0" type="stmt"/>
      </file>
    </package>
    <package name="components.TopBar">
      <metrics statements="6" coveredstatements="6" conditionals="0" coveredconditionals="0" methods="2" coveredmethods="2"/>
      <file name="TopBar.js" path="/Users/mauricio.arroyave/bootcamp/pokedex/app/components/TopBar/TopBar.js">
        <metrics statements="6" coveredstatements="6" conditionals="0" coveredconditionals="0" methods="2" coveredmethods="2"/>
        <line num="4" count="3" type="stmt"/>
        <line num="6" count="3" type="stmt"/>
        <line num="7" count="4" type="stmt"/>
        <line num="8" count="1" type="stmt"/>
        <line num="15" count="3" type="stmt"/>
        <line num="29" count="3" type="stmt"/>
      </file>
    </package>
    <package name="components.errorState">
      <metrics statements="2" coveredstatements="1" conditionals="0" coveredconditionals="0" methods="1" coveredmethods="0"/>
      <file name="ErrorState.js" path="/Users/mauricio.arroyave/bootcamp/pokedex/app/components/errorState/ErrorState.js">
        <metrics statements="2" coveredstatements="1" conditionals="0" coveredconditionals="0" methods="1" coveredmethods="0"/>
        <line num="4" count="2" type="stmt"/>
        <line num="5" count="0" type="stmt"/>
      </file>
    </package>
    <package name="components.form">
      <metrics statements="6" coveredstatements="6" conditionals="0" coveredconditionals="0" methods="4" coveredmethods="4"/>
      <file name="Form.js" path="/Users/mauricio.arroyave/bootcamp/pokedex/app/components/form/Form.js">
        <metrics statements="6" coveredstatements="6" conditionals="0" coveredconditionals="0" methods="4" coveredmethods="4"/>
        <line num="5" count="2" type="stmt"/>
        <line num="6" count="4" type="stmt"/>
        <line num="15" count="1" type="stmt"/>
        <line num="28" count="1" type="stmt"/>
        <line num="35" count="1" type="stmt"/>
        <line num="41" count="2" type="stmt"/>
      </file>
    </package>
    <package name="components.pokemonDetailCard">
      <metrics statements="4" coveredstatements="4" conditionals="0" coveredconditionals="0" methods="2" coveredmethods="2"/>
      <file name="PokemonDetailCard.js" path="/Users/mauricio.arroyave/bootcamp/pokedex/app/components/pokemonDetailCard/PokemonDetailCard.js">
        <metrics statements="4" coveredstatements="4" conditionals="0" coveredconditionals="0" methods="2" coveredmethods="2"/>
        <line num="8" count="2" type="stmt"/>
        <line num="9" count="2" type="stmt"/>
        <line num="27" count="4" type="stmt"/>
        <line num="35" count="2" type="stmt"/>
      </file>
    </package>
    <package name="components.pokemonList">
      <metrics statements="11" coveredstatements="7" conditionals="0" coveredconditionals="0" methods="5" coveredmethods="2"/>
      <file name="PokemonList.js" path="/Users/mauricio.arroyave/bootcamp/pokedex/app/components/pokemonList/PokemonList.js">
        <metrics statements="11" coveredstatements="7" conditionals="0" coveredconditionals="0" methods="5" coveredmethods="2"/>
        <line num="5" count="2" type="stmt"/>
        <line num="6" count="2" type="stmt"/>
        <line num="8" count="2" type="stmt"/>
        <line num="9" count="0" type="stmt"/>
        <line num="11" count="0" type="stmt"/>
        <line num="12" count="0" type="stmt"/>
        <line num="19" count="2" type="stmt"/>
        <line num="20" count="2" type="stmt"/>
        <line num="23" count="0" type="stmt"/>
        <line num="24" count="2" type="stmt"/>
        <line num="30" count="2" type="stmt"/>
      </file>
    </package>
    <package name="containers">
      <metrics statements="12" coveredstatements="0" conditionals="0" coveredconditionals="0" methods="6" coveredmethods="0"/>
      <file name="Login.js" path="/Users/mauricio.arroyave/bootcamp/pokedex/app/containers/Login.js">
        <metrics statements="4" coveredstatements="0" conditionals="0" coveredconditionals="0" methods="2" coveredmethods="0"/>
        <line num="8" count="0" type="stmt"/>
        <line num="9" count="0" type="stmt"/>
        <line num="15" count="0" type="stmt"/>
        <line num="16" count="0" type="stmt"/>
      </file>
      <file name="PokemonDetail.js" path="/Users/mauricio.arroyave/bootcamp/pokedex/app/containers/PokemonDetail.js">
        <metrics statements="4" coveredstatements="0" conditionals="0" coveredconditionals="0" methods="2" coveredmethods="0"/>
        <line num="8" count="0" type="stmt"/>
        <line num="9" count="0" type="stmt"/>
        <line num="16" count="0" type="stmt"/>
        <line num="17" count="0" type="stmt"/>
      </file>
      <file name="PokemonList.js" path="/Users/mauricio.arroyave/bootcamp/pokedex/app/containers/PokemonList.js">
        <metrics statements="4" coveredstatements="0" conditionals="0" coveredconditionals="0" methods="2" coveredmethods="0"/>
        <line num="8" count="0" type="stmt"/>
        <line num="9" count="0" type="stmt"/>
        <line num="15" count="0" type="stmt"/>
        <line num="16" count="0" type="stmt"/>
      </file>
    </package>
    <package name="reducers">
      <metrics statements="11" coveredstatements="11" conditionals="9" coveredconditionals="9" methods="1" coveredmethods="1"/>
      <file name="pokedexReducer.js" path="/Users/mauricio.arroyave/bootcamp/pokedex/app/reducers/pokedexReducer.js">
        <metrics statements="11" coveredstatements="11" conditionals="9" coveredconditionals="9" methods="1" coveredmethods="1"/>
        <line num="11" count="1" type="stmt"/>
        <line num="35" count="1" type="cond" truecount="1" falsecount="0"/>
        <line num="36" count="8" type="cond" truecount="8" falsecount="0"/>
        <line num="38" count="1" type="stmt"/>
        <line num="48" count="1" type="stmt"/>
        <line num="58" count="1" type="stmt"/>
        <line num="70" count="1" type="stmt"/>
        <line num="80" count="1" type="stmt"/>
        <line num="90" count="1" type="stmt"/>
        <line num="101" count="1" type="stmt"/>
        <line num="112" count="1" type="stmt"/>
      </file>
    </package>
    <package name="screens">
      <metrics statements="46" coveredstatements="44" conditionals="12" coveredconditionals="12" methods="12" coveredmethods="11"/>
      <file name="LoginScreen.js" path="/Users/mauricio.arroyave/bootcamp/pokedex/app/screens/LoginScreen.js">
        <metrics statements="10" coveredstatements="8" conditionals="0" coveredconditionals="0" methods="3" coveredmethods="2"/>
        <line num="7" count="1" type="stmt"/>
        <line num="11" count="1" type="stmt"/>
        <line num="13" count="1" type="stmt"/>
        <line num="20" count="1" type="stmt"/>
        <line num="24" count="0" type="stmt"/>
        <line num="26" count="0" type="stmt"/>
        <line num="30" count="1" type="stmt"/>
        <line num="31" count="1" type="stmt"/>
        <line num="33" count="1" type="stmt"/>
        <line num="43" count="1" type="stmt"/>
      </file>
      <file name="PokemonDetailScreen.js" path="/Users/mauricio.arroyave/bootcamp/pokedex/app/screens/PokemonDetailScreen.js">
        <metrics statements="18" coveredstatements="18" conditionals="6" coveredconditionals="6" methods="4" coveredmethods="4"/>
        <line num="15" count="5" type="stmt"/>
        <line num="17" count="5" type="stmt"/>
        <line num="21" count="5" type="stmt"/>
        <line num="22" count="5" type="stmt"/>
        <line num="24" count="5" type="stmt"/>
        <line num="28" count="1" type="stmt"/>
        <line num="30" count="1" type="stmt"/>
        <line num="31" count="1" type="stmt"/>
        <line num="35" count="5" type="stmt"/>
        <line num="37" count="5" type="stmt"/>
        <line num="39" count="5" type="cond" truecount="2" falsecount="0"/>
        <line num="40" count="1" type="stmt"/>
        <line num="43" count="5" type="cond" truecount="2" falsecount="0"/>
        <line num="44" count="1" type="stmt"/>
        <line num="47" count="5" type="cond" truecount="2" falsecount="0"/>
        <line num="48" count="3" type="stmt"/>
        <line num="56" count="5" type="stmt"/>
        <line num="60" count="1" type="stmt"/>
      </file>
      <file name="PokemonListScreen.js" path="/Users/mauricio.arroyave/bootcamp/pokedex/app/screens/PokemonListScreen.js">
        <metrics statements="18" coveredstatements="18" conditionals="6" coveredconditionals="6" methods="5" coveredmethods="5"/>
        <line num="10" count="6" type="stmt"/>
        <line num="12" count="6" type="stmt"/>
        <line num="16" count="6" type="stmt"/>
        <line num="20" count="6" type="stmt"/>
        <line num="22" count="6" type="stmt"/>
        <line num="26" count="1" type="stmt"/>
        <line num="28" count="1" type="stmt"/>
        <line num="32" count="6" type="stmt"/>
        <line num="34" count="6" type="stmt"/>
        <line num="36" count="6" type="cond" truecount="2" falsecount="0"/>
        <line num="37" count="1" type="stmt"/>
        <line num="40" count="6" type="cond" truecount="2" falsecount="0"/>
        <line num="41" count="1" type="stmt"/>
        <line num="44" count="6" type="cond" truecount="2" falsecount="0"/>
        <line num="45" count="4" type="stmt"/>
        <line num="47" count="1" type="stmt"/>
        <line num="53" count="6" type="stmt"/>
        <line num="57" count="1" type="stmt"/>
      </file>
    </package>
  </project>
</coverage>
