TN:
SF:/Users/mauricio.arroyave/bootcamp/pokedex/app/actions/pokedex.js
FN:23,(anonymous_0)
FN:23,(anonymous_1)
FN:30,(anonymous_2)
FN:34,(anonymous_3)
FN:38,(anonymous_4)
FN:38,(anonymous_5)
FN:52,(anonymous_6)
FN:52,(anonymous_7)
FN:54,(anonymous_8)
FN:54,(anonymous_9)
FN:60,(anonymous_10)
FN:61,(anonymous_11)
FN:64,(anonymous_12)
FN:68,(anonymous_13)
FN:72,(anonymous_14)
FN:78,(anonymous_15)
FN:78,(anonymous_16)
FN:85,(anonymous_17)
FN:89,(anonymous_18)
FN:92,(anonymous_19)
FN:96,(anonymous_20)
FN:100,(anonymous_21)
FN:105,(anonymous_22)
FNF:23
FNH:0
FNDA:0,(anonymous_0)
FNDA:0,(anonymous_1)
FNDA:0,(anonymous_2)
FNDA:0,(anonymous_3)
FNDA:0,(anonymous_4)
FNDA:0,(anonymous_5)
FNDA:0,(anonymous_6)
FNDA:0,(anonymous_7)
FNDA:0,(anonymous_8)
FNDA:0,(anonymous_9)
FNDA:0,(anonymous_10)
FNDA:0,(anonymous_11)
FNDA:0,(anonymous_12)
FNDA:0,(anonymous_13)
FNDA:0,(anonymous_14)
FNDA:0,(anonymous_15)
FNDA:0,(anonymous_16)
FNDA:0,(anonymous_17)
FNDA:0,(anonymous_18)
FNDA:0,(anonymous_19)
FNDA:0,(anonymous_20)
FNDA:0,(anonymous_21)
FNDA:0,(anonymous_22)
DA:23,0
DA:24,0
DA:30,0
DA:34,0
DA:38,0
DA:39,0
DA:40,0
DA:45,0
DA:46,0
DA:48,0
DA:52,0
DA:54,0
DA:55,0
DA:56,0
DA:58,0
DA:59,0
DA:60,0
DA:61,0
DA:64,0
DA:68,0
DA:72,0
DA:78,0
DA:79,0
DA:80,0
DA:81,0
DA:83,0
DA:84,0
DA:86,0
DA:87,0
DA:89,0
DA:92,0
DA:96,0
DA:100,0
DA:105,0
LF:34
LH:0
BRDA:45,0,0,0
BRDA:45,0,1,0
BRDA:54,1,0,0
BRF:3
BRH:0
end_of_record
TN:
SF:/Users/mauricio.arroyave/bootcamp/pokedex/app/components/TopBar/TopBar.js
FN:6,(anonymous_0)
FN:8,(anonymous_1)
FNF:2
FNH:2
FNDA:4,(anonymous_0)
FNDA:1,(anonymous_1)
DA:4,3
DA:6,3
DA:7,4
DA:8,1
DA:15,3
DA:29,3
LF:6
LH:6
BRF:0
BRH:0
end_of_record
TN:
SF:/Users/mauricio.arroyave/bootcamp/pokedex/app/components/errorState/ErrorState.js
FN:4,(anonymous_0)
FNF:1
FNH:0
FNDA:0,(anonymous_0)
DA:4,2
DA:5,0
LF:2
LH:1
BRF:0
BRH:0
end_of_record
TN:
SF:/Users/mauricio.arroyave/bootcamp/pokedex/app/components/form/Form.js
FN:5,(anonymous_0)
FN:15,(anonymous_1)
FN:28,(anonymous_2)
FN:35,(anonymous_3)
FNF:4
FNH:4
FNDA:4,(anonymous_0)
FNDA:1,(anonymous_1)
FNDA:1,(anonymous_2)
FNDA:1,(anonymous_3)
DA:5,2
DA:6,4
DA:15,1
DA:28,1
DA:35,1
DA:41,2
LF:6
LH:6
BRF:0
BRH:0
end_of_record
TN:
SF:/Users/mauricio.arroyave/bootcamp/pokedex/app/components/pokemonDetailCard/PokemonDetailCard.js
FN:8,(anonymous_0)
FN:27,(anonymous_1)
FNF:2
FNH:2
FNDA:2,(anonymous_0)
FNDA:4,(anonymous_1)
DA:8,2
DA:9,2
DA:27,4
DA:35,2
LF:4
LH:4
BRF:0
BRH:0
end_of_record
TN:
SF:/Users/mauricio.arroyave/bootcamp/pokedex/app/components/pokemonList/PokemonList.js
FN:8,(anonymous_0)
FN:12,(anonymous_1)
FN:19,(anonymous_2)
FN:23,(anonymous_3)
FN:24,(anonymous_4)
FNF:5
FNH:2
FNDA:0,(anonymous_0)
FNDA:0,(anonymous_1)
FNDA:2,(anonymous_2)
FNDA:0,(anonymous_3)
FNDA:2,(anonymous_4)
DA:5,2
DA:6,2
DA:8,2
DA:9,0
DA:11,0
DA:12,0
DA:19,2
DA:20,2
DA:23,0
DA:24,2
DA:30,2
LF:11
LH:7
BRF:0
BRH:0
end_of_record
TN:
SF:/Users/mauricio.arroyave/bootcamp/pokedex/app/containers/Login.js
FN:8,(anonymous_0)
FN:15,(anonymous_1)
FNF:2
FNH:0
FNDA:0,(anonymous_0)
FNDA:0,(anonymous_1)
DA:8,0
DA:9,0
DA:15,0
DA:16,0
LF:4
LH:0
BRF:0
BRH:0
end_of_record
TN:
SF:/Users/mauricio.arroyave/bootcamp/pokedex/app/containers/PokemonDetail.js
FN:8,(anonymous_0)
FN:16,(anonymous_1)
FNF:2
FNH:0
FNDA:0,(anonymous_0)
FNDA:0,(anonymous_1)
DA:8,0
DA:9,0
DA:16,0
DA:17,0
LF:4
LH:0
BRF:0
BRH:0
end_of_record
TN:
SF:/Users/mauricio.arroyave/bootcamp/pokedex/app/containers/PokemonList.js
FN:8,(anonymous_0)
FN:15,(anonymous_1)
FNF:2
FNH:0
FNDA:0,(anonymous_0)
FNDA:0,(anonymous_1)
DA:8,0
DA:9,0
DA:15,0
DA:16,0
LF:4
LH:0
BRF:0
BRH:0
end_of_record
TN:
SF:/Users/mauricio.arroyave/bootcamp/pokedex/app/reducers/pokedexReducer.js
FN:35,(anonymous_0)
FNF:1
FNH:1
FNDA:8,(anonymous_0)
DA:11,1
DA:35,1
DA:36,8
DA:38,1
DA:48,1
DA:58,1
DA:70,1
DA:80,1
DA:90,1
DA:101,1
DA:112,1
LF:11
LH:11
BRDA:35,0,0,1
BRDA:36,1,0,1
BRDA:36,1,1,1
BRDA:36,1,2,1
BRDA:36,1,3,1
BRDA:36,1,4,1
BRDA:36,1,5,1
BRDA:36,1,6,1
BRDA:36,1,7,1
BRF:9
BRH:9
end_of_record
TN:
SF:/Users/mauricio.arroyave/bootcamp/pokedex/app/screens/LoginScreen.js
FN:10,(anonymous_0)
FN:23,(anonymous_1)
FN:29,(anonymous_2)
FNF:3
FNH:2
FNDA:1,(anonymous_0)
FNDA:0,(anonymous_1)
FNDA:1,(anonymous_2)
DA:7,1
DA:11,1
DA:13,1
DA:20,1
DA:24,0
DA:26,0
DA:30,1
DA:31,1
DA:33,1
DA:43,1
LF:10
LH:8
BRF:0
BRH:0
end_of_record
TN:
SF:/Users/mauricio.arroyave/bootcamp/pokedex/app/screens/PokemonDetailScreen.js
FN:14,(anonymous_0)
FN:20,(anonymous_1)
FN:27,(anonymous_2)
FN:34,(anonymous_3)
FNF:4
FNH:4
FNDA:5,(anonymous_0)
FNDA:5,(anonymous_1)
FNDA:1,(anonymous_2)
FNDA:5,(anonymous_3)
DA:15,5
DA:17,5
DA:21,5
DA:22,5
DA:24,5
DA:28,1
DA:30,1
DA:31,1
DA:35,5
DA:37,5
DA:39,5
DA:40,1
DA:43,5
DA:44,1
DA:47,5
DA:48,3
DA:56,5
DA:60,1
LF:18
LH:18
BRDA:39,0,0,1
BRDA:39,0,1,4
BRDA:43,1,0,1
BRDA:43,1,1,4
BRDA:47,2,0,3
BRDA:47,2,1,2
BRF:6
BRH:6
end_of_record
TN:
SF:/Users/mauricio.arroyave/bootcamp/pokedex/app/screens/PokemonListScreen.js
FN:9,(anonymous_0)
FN:19,(anonymous_1)
FN:25,(anonymous_2)
FN:31,(anonymous_3)
FN:47,(anonymous_4)
FNF:5
FNH:5
FNDA:6,(anonymous_0)
FNDA:6,(anonymous_1)
FNDA:1,(anonymous_2)
FNDA:6,(anonymous_3)
FNDA:1,(anonymous_4)
DA:10,6
DA:12,6
DA:16,6
DA:20,6
DA:22,6
DA:26,1
DA:28,1
DA:32,6
DA:34,6
DA:36,6
DA:37,1
DA:40,6
DA:41,1
DA:44,6
DA:45,4
DA:47,1
DA:53,6
DA:57,1
LF:18
LH:18
BRDA:36,0,0,1
BRDA:36,0,1,5
BRDA:40,1,0,1
BRDA:40,1,1,5
BRDA:44,2,0,4
BRDA:44,2,1,2
BRF:6
BRH:6
end_of_record
